<?xml version="1.0" encoding="UTF-8"?>
<!-- Generated by org.testng.reporters.JUnitReportReporter -->
<testsuite skipped="0" hostname="jarvis" name="excelhandling.ReadingSingleCellDataFromExcelFile" tests="1" failures="0" timestamp="27 Dec 2020 04:07:04 GMT" time="0.413" errors="0">
  <testcase name="readExcelData" time="0.413" classname="excelhandling.ReadingSingleCellDataFromExcelFile"/>
</testsuite> <!-- excelhandling.ReadingSingleCellDataFromExcelFile -->
