<?xml version="1.0" encoding="UTF-8"?>
<!-- Generated by org.testng.reporters.JUnitReportReporter -->
<testsuite skipped="0" hostname="jarvis" name="excel.WriteExcel" tests="1" failures="0" timestamp="27 Dec 2020 02:52:27 GMT" time="0.444" errors="0">
  <testcase name="write" time="0.444" classname="excel.WriteExcel"/>
</testsuite> <!-- excel.WriteExcel -->
