<?xml version="1.0" encoding="UTF-8"?>
<!-- Generated by org.testng.reporters.JUnitReportReporter -->
<testsuite skipped="0" hostname="jarvis" name="excelhandling.ReadingOddDataFromExcelFile" tests="1" failures="0" timestamp="27 Dec 2020 04:35:42 GMT" time="0.385" errors="0">
  <testcase name="readExcelData" time="0.385" classname="excelhandling.ReadingOddDataFromExcelFile"/>
</testsuite> <!-- excelhandling.ReadingOddDataFromExcelFile -->
