<?xml version="1.0" encoding="UTF-8"?>
<!-- Generated by org.testng.reporters.JUnitReportReporter -->
<testsuite skipped="0" hostname="jarvis" name="excel.ReadingExcelData" tests="1" failures="0" timestamp="27 Dec 2020 03:00:07 GMT" time="0.454" errors="0">
  <testcase name="readExcelFile" time="0.454" classname="excel.ReadingExcelData"/>
</testsuite> <!-- excel.ReadingExcelData -->
