<?xml version="1.0" encoding="UTF-8"?>
<!-- Generated by org.testng.reporters.JUnitReportReporter -->
<testsuite skipped="0" hostname="jarvis" name="excelhandling.WritingDataInExcelUsingEnhancedForLoop" tests="1" failures="0" timestamp="27 Dec 2020 05:12:57 GMT" time="0.457" errors="0">
  <testcase name="writeExcelFile" time="0.457" classname="excelhandling.WritingDataInExcelUsingEnhancedForLoop"/>
</testsuite> <!-- excelhandling.WritingDataInExcelUsingEnhancedForLoop -->
