<?xml version="1.0" encoding="UTF-8"?>
<!-- Generated by org.testng.reporters.JUnitReportReporter -->
<testsuite skipped="0" hostname="jarvis" name="excelhandling.WritingDataInExcelFile" tests="1" failures="0" timestamp="27 Dec 2020 05:04:42 GMT" time="0.441" errors="0">
  <testcase name="writeExcelFile" time="0.441" classname="excelhandling.WritingDataInExcelFile"/>
</testsuite> <!-- excelhandling.WritingDataInExcelFile -->
