<?xml version="1.0" encoding="UTF-8"?>
<!-- Generated by org.testng.reporters.JUnitReportReporter -->
<testsuite skipped="0" hostname="jarvis" name="testscripts.TestTwitter" tests="1" failures="0" timestamp="26 Dec 2020 05:28:21 GMT" time="6.976" errors="0">
  <testcase name="twitter" time="6.976" classname="testscripts.TestTwitter"/>
</testsuite> <!-- testscripts.TestTwitter -->
