<?xml version="1.0" encoding="UTF-8"?>
<!-- Generated by org.testng.reporters.JUnitReportReporter -->
<testsuite skipped="0" hostname="jarvis" name="testscripts.TestInstagram" tests="1" failures="0" timestamp="26 Dec 2020 05:28:21 GMT" time="5.701" errors="0">
  <testcase name="instagram" time="5.701" classname="testscripts.TestInstagram"/>
</testsuite> <!-- testscripts.TestInstagram -->
