<?xml version="1.0" encoding="UTF-8"?>
<!-- Generated by org.testng.reporters.JUnitReportReporter -->
<testsuite skipped="0" hostname="jarvis" name="excelhandling.ReadNumberOfRowsAndColumnsInExcelFile" tests="1" failures="0" timestamp="27 Dec 2020 04:24:10 GMT" time="0.372" errors="0">
  <testcase name="countRowsAndColumns" time="0.372" classname="excelhandling.ReadNumberOfRowsAndColumnsInExcelFile"/>
</testsuite> <!-- excelhandling.ReadNumberOfRowsAndColumnsInExcelFile -->
